# JRE version: OpenJDK Runtime Environment (8.0_76-b03) (build 1.8.0_76-release-b03)
# Java VM: OpenJDK 64-Bit Server VM (25.76-b03 mixed mode windows-amd64 compressed oops)
Heap:
 PSYoungGen      total 76800K, used 69609K [0x00000000eab00000, 0x00000000f2f00000, 0x0000000100000000)
  eden space 67072K, 100% used [0x00000000eab00000,0x00000000eec80000,0x00000000eec80000)
  from space 9728K, 26% used [0x00000000eec80000,0x00000000eeefa7c8,0x00000000ef600000)
  to   space 13824K, 2% used [0x00000000f2180000,0x00000000f21dc8e0,0x00000000f2f00000)
 ParOldGen       total 38400K, used 21693K [0x00000000c0000000, 0x00000000c2580000, 0x00000000eab00000)
  object space 38400K, 56% used [0x00000000c0000000,0x00000000c152f490,0x00000000c2580000)
 Metaspace       used 6316K, capacity 7154K, committed 7296K, reserved 1056768K
  class space    used 594K, capacity 618K, committed 640K, reserved 1048576K
GC Heap History (10 events):
Event: 8.993 GC heap before
{Heap before GC invocations=6 (full 0):
 PSYoungGen      total 18432K, used 18407K [0x00000000eab00000, 0x00000000ed700000, 0x0000000100000000)
  eden space 17408K, 100% used [0x00000000eab00000,0x00000000ebc00000,0x00000000ebc00000)
  from space 1024K, 97% used [0x00000000ebc00000,0x00000000ebcf9f80,0x00000000ebd00000)
  to   space 5120K, 0% used [0x00000000ed200000,0x00000000ed200000,0x00000000ed700000)
 ParOldGen       total 22016K, used 6706K [0x00000000c0000000, 0x00000000c1580000, 0x00000000eab00000)
  object space 22016K, 30% used [0x00000000c0000000,0x00000000c068c870,0x00000000c1580000)
 Metaspace       used 5995K, capacity 6960K, committed 7040K, reserved 1056768K
  class space    used 572K, capacity 616K, committed 640K, reserved 1048576K
Event: 9.058 GC heap after
Heap after GC invocations=6 (full 0):
 PSYoungGen      total 39936K, used 3463K [0x00000000eab00000, 0x00000000ed700000, 0x0000000100000000)
  eden space 34816K, 0% used [0x00000000eab00000,0x00000000eab00000,0x00000000ecd00000)
  from space 5120K, 67% used [0x00000000ed200000,0x00000000ed561f90,0x00000000ed700000)
  to   space 5120K, 0% used [0x00000000ecd00000,0x00000000ecd00000,0x00000000ed200000)
 ParOldGen       total 22016K, used 6706K [0x00000000c0000000, 0x00000000c1580000, 0x00000000eab00000)
  object space 22016K, 30% used [0x00000000c0000000,0x00000000c068c870,0x00000000c1580000)
 Metaspace       used 5995K, capacity 6960K, committed 7040K, reserved 1056768K
  class space    used 572K, capacity 616K, committed 640K, reserved 1048576K
}
Event: 12.508 GC heap before
{Heap before GC invocations=7 (full 0):
 PSYoungGen      total 39936K, used 38279K [0x00000000eab00000, 0x00000000ed700000, 0x0000000100000000)
  eden space 34816K, 100% used [0x00000000eab00000,0x00000000ecd00000,0x00000000ecd00000)
  from space 5120K, 67% used [0x00000000ed200000,0x00000000ed561f90,0x00000000ed700000)
  to   space 5120K, 0% used [0x00000000ecd00000,0x00000000ecd00000,0x00000000ed200000)
 ParOldGen       total 22016K, used 6706K [0x00000000c0000000, 0x00000000c1580000, 0x00000000eab00000)
  object space 22016K, 30% used [0x00000000c0000000,0x00000000c068c870,0x00000000c1580000)
 Metaspace       used 6075K, capacity 7024K, committed 7296K, reserved 1056768K
  class space    used 572K, capacity 616K, committed 640K, reserved 1048576K
Event: 12.792 GC heap after
Heap after GC invocations=7 (full 0):
 PSYoungGen      total 39936K, used 5095K [0x00000000eab00000, 0x00000000efd00000, 0x0000000100000000)
  eden space 34816K, 0% used [0x00000000eab00000,0x00000000eab00000,0x00000000ecd00000)
  from space 5120K, 99% used [0x00000000ecd00000,0x00000000ed1f9f90,0x00000000ed200000)
  to   space 7168K, 0% used [0x00000000ef600000,0x00000000ef600000,0x00000000efd00000)
 ParOldGen       total 22016K, used 8950K [0x00000000c0000000, 0x00000000c1580000, 0x00000000eab00000)
  object space 22016K, 40% used [0x00000000c0000000,0x00000000c08bd970,0x00000000c1580000)
 Metaspace       used 6075K, capacity 7024K, committed 7296K, reserved 1056768K
  class space    used 572K, capacity 616K, committed 640K, reserved 1048576K
}
Event: 14.013 GC heap before
{Heap before GC invocations=8 (full 0):
 PSYoungGen      total 39936K, used 39911K [0x00000000eab00000, 0x00000000efd00000, 0x0000000100000000)
  eden space 34816K, 100% used [0x00000000eab00000,0x00000000ecd00000,0x00000000ecd00000)
  from space 5120K, 99% used [0x00000000ecd00000,0x00000000ed1f9f90,0x00000000ed200000)
  to   space 7168K, 0% used [0x00000000ef600000,0x00000000ef600000,0x00000000efd00000)
 ParOldGen       total 22016K, used 8950K [0x00000000c0000000, 0x00000000c1580000, 0x00000000eab00000)
  object space 22016K, 40% used [0x00000000c0000000,0x00000000c08bd970,0x00000000c1580000)
 Metaspace       used 6105K, capacity 7088K, committed 7296K, reserved 1056768K
  class space    used 573K, capacity 616K, committed 640K, reserved 1048576K
Event: 15.115 GC heap after
Heap after GC invocations=8 (full 0):
 PSYoungGen      total 74240K, used 7143K [0x00000000eab00000, 0x00000000f0200000, 0x0000000100000000)
  eden space 67072K, 0% used [0x00000000eab00000,0x00000000eab00000,0x00000000eec80000)
  from space 7168K, 99% used [0x00000000ef600000,0x00000000efcf9e10,0x00000000efd00000)
  to   space 9728K, 0% used [0x00000000eec80000,0x00000000eec80000,0x00000000ef600000)
 ParOldGen       total 22016K, used 10988K [0x00000000c0000000, 0x00000000c1580000, 0x00000000eab00000)
  object space 22016K, 49% used [0x00000000c0000000,0x00000000c0abb158,0x00000000c1580000)
 Metaspace       used 6105K, capacity 7088K, committed 7296K, reserved 1056768K
  class space    used 573K, capacity 616K, committed 640K, reserved 1048576K
}
Event: 24.305 GC heap before
{Heap before GC invocations=9 (full 0):
 PSYoungGen      total 74240K, used 74215K [0x00000000eab00000, 0x00000000f0200000, 0x0000000100000000)
  eden space 67072K, 100% used [0x00000000eab00000,0x00000000eec80000,0x00000000eec80000)
  from space 7168K, 99% used [0x00000000ef600000,0x00000000efcf9e10,0x00000000efd00000)
  to   space 9728K, 0% used [0x00000000eec80000,0x00000000eec80000,0x00000000ef600000)
 ParOldGen       total 22016K, used 10988K [0x00000000c0000000, 0x00000000c1580000, 0x00000000eab00000)
  object space 22016K, 49% used [0x00000000c0000000,0x00000000c0abb158,0x00000000c1580000)
 Metaspace       used 6251K, capacity 7090K, committed 7296K, reserved 1056768K
  class space    used 593K, capacity 618K, committed 640K, reserved 1048576K
Event: 24.369 GC heap after
Heap after GC invocations=9 (full 0):
 PSYoungGen      total 76800K, used 9721K [0x00000000eab00000, 0x00000000f2f00000, 0x0000000100000000)
  eden space 67072K, 0% used [0x00000000eab00000,0x00000000eab00000,0x00000000eec80000)
  from space 9728K, 99% used [0x00000000eec80000,0x00000000ef5fe448,0x00000000ef600000)
  to   space 13824K, 0% used [0x00000000f2180000,0x00000000f2180000,0x00000000f2f00000)
 ParOldGen       total 22016K, used 17224K [0x00000000c0000000, 0x00000000c1580000, 0x00000000eab00000)
  object space 22016K, 78% used [0x00000000c0000000,0x00000000c10d2270,0x00000000c1580000)
 Metaspace       used 6251K, capacity 7090K, committed 7296K, reserved 1056768K
  class space    used 593K, capacity 618K, committed 640K, reserved 1048576K
}
Event: 24.369 GC heap before
{Heap before GC invocations=10 (full 1):
 PSYoungGen      total 76800K, used 9721K [0x00000000eab00000, 0x00000000f2f00000, 0x0000000100000000)
  eden space 67072K, 0% used [0x00000000eab00000,0x00000000eab00000,0x00000000eec80000)
  from space 9728K, 99% used [0x00000000eec80000,0x00000000ef5fe448,0x00000000ef600000)
  to   space 13824K, 0% used [0x00000000f2180000,0x00000000f2180000,0x00000000f2f00000)
 ParOldGen       total 22016K, used 17224K [0x00000000c0000000, 0x00000000c1580000, 0x00000000eab00000)
  object space 22016K, 78% used [0x00000000c0000000,0x00000000c10d2270,0x00000000c1580000)
 Metaspace       used 6251K, capacity 7090K, committed 7296K, reserved 1056768K
  class space    used 593K, capacity 618K, committed 640K, reserved 1048576K
Event: 25.648 GC heap after
Heap after GC invocations=10 (full 1):
 PSYoungGen      total 76800K, used 2537K [0x00000000eab00000, 0x00000000f2f00000, 0x0000000100000000)
  eden space 67072K, 0% used [0x00000000eab00000,0x00000000eab00000,0x00000000eec80000)
  from space 9728K, 26% used [0x00000000eec80000,0x00000000eeefa7c8,0x00000000ef600000)
  to   space 13824K, 0% used [0x00000000f2180000,0x00000000f2180000,0x00000000f2f00000)
 ParOldGen       total 38400K, used 21693K [0x00000000c0000000, 0x00000000c2580000, 0x00000000eab00000)
  object space 38400K, 56% used [0x00000000c0000000,0x00000000c152f490,0x00000000c2580000)
 Metaspace       used 6251K, capacity 7090K, committed 7296K, reserved 1056768K
  class space    used 593K, capacity 618K, committed 640K, reserved 1048576K
}

