# JRE version: OpenJDK Runtime Environment (8.0_76-b03) (build 1.8.0_76-release-b03)
# Java VM: OpenJDK 64-Bit Server VM (25.76-b03 mixed mode windows-amd64 compressed oops)
Heap:
 PSYoungGen      total 76288K, used 43882K [0x00000000eab00000, 0x00000000f0100000, 0x0000000100000000)
  eden space 66560K, 60% used [0x00000000eab00000,0x00000000ed260708,0x00000000eec00000)
  from space 9728K, 36% used [0x00000000eec00000,0x00000000eef7a328,0x00000000ef580000)
  to   space 7680K, 0% used [0x00000000ef580000,0x00000000ef580000,0x00000000efd00000)
 ParOldGen       total 22016K, used 21689K [0x00000000c0000000, 0x00000000c1580000, 0x00000000eab00000)
  object space 22016K, 98% used [0x00000000c0000000,0x00000000c152e488,0x00000000c1580000)
 Metaspace       used 6287K, capacity 7154K, committed 7296K, reserved 1056768K
  class space    used 593K, capacity 618K, committed 640K, reserved 1048576K
GC Heap History (10 events):
Event: 19.963 GC heap before
{Heap before GC invocations=6 (full 0):
 PSYoungGen      total 18432K, used 18400K [0x00000000eab00000, 0x00000000ed600000, 0x0000000100000000)
  eden space 17408K, 100% used [0x00000000eab00000,0x00000000ebc00000,0x00000000ebc00000)
  from space 1024K, 96% used [0x00000000ebc00000,0x00000000ebcf8010,0x00000000ebd00000)
  to   space 4608K, 0% used [0x00000000ed180000,0x00000000ed180000,0x00000000ed600000)
 ParOldGen       total 22016K, used 6549K [0x00000000c0000000, 0x00000000c1580000, 0x00000000eab00000)
  object space 22016K, 29% used [0x00000000c0000000,0x00000000c06654f0,0x00000000c1580000)
 Metaspace       used 6000K, capacity 7024K, committed 7296K, reserved 1056768K
  class space    used 572K, capacity 616K, committed 640K, reserved 1048576K
Event: 20.172 GC heap after
Heap after GC invocations=6 (full 0):
 PSYoungGen      total 38912K, used 3520K [0x00000000eab00000, 0x00000000ed700000, 0x0000000100000000)
  eden space 34304K, 0% used [0x00000000eab00000,0x00000000eab00000,0x00000000ecc80000)
  from space 4608K, 76% used [0x00000000ed180000,0x00000000ed4f0010,0x00000000ed600000)
  to   space 5120K, 0% used [0x00000000ecc80000,0x00000000ecc80000,0x00000000ed180000)
 ParOldGen       total 22016K, used 6549K [0x00000000c0000000, 0x00000000c1580000, 0x00000000eab00000)
  object space 22016K, 29% used [0x00000000c0000000,0x00000000c06654f0,0x00000000c1580000)
 Metaspace       used 6000K, capacity 7024K, committed 7296K, reserved 1056768K
  class space    used 572K, capacity 616K, committed 640K, reserved 1048576K
}
Event: 21.600 GC heap before
{Heap before GC invocations=7 (full 0):
 PSYoungGen      total 38912K, used 37824K [0x00000000eab00000, 0x00000000ed700000, 0x0000000100000000)
  eden space 34304K, 100% used [0x00000000eab00000,0x00000000ecc80000,0x00000000ecc80000)
  from space 4608K, 76% used [0x00000000ed180000,0x00000000ed4f0010,0x00000000ed600000)
  to   space 5120K, 0% used [0x00000000ecc80000,0x00000000ecc80000,0x00000000ed180000)
 ParOldGen       total 22016K, used 6549K [0x00000000c0000000, 0x00000000c1580000, 0x00000000eab00000)
  object space 22016K, 29% used [0x00000000c0000000,0x00000000c06654f0,0x00000000c1580000)
 Metaspace       used 6050K, capacity 7024K, committed 7296K, reserved 1056768K
  class space    used 572K, capacity 616K, committed 640K, reserved 1048576K
Event: 22.001 GC heap after
Heap after GC invocations=7 (full 0):
 PSYoungGen      total 39424K, used 5095K [0x00000000eab00000, 0x00000000efd00000, 0x0000000100000000)
  eden space 34304K, 0% used [0x00000000eab00000,0x00000000eab00000,0x00000000ecc80000)
  from space 5120K, 99% used [0x00000000ecc80000,0x00000000ed179e10,0x00000000ed180000)
  to   space 7680K, 0% used [0x00000000ef580000,0x00000000ef580000,0x00000000efd00000)
 ParOldGen       total 22016K, used 9542K [0x00000000c0000000, 0x00000000c1580000, 0x00000000eab00000)
  object space 22016K, 43% used [0x00000000c0000000,0x00000000c0951b68,0x00000000c1580000)
 Metaspace       used 6050K, capacity 7024K, committed 7296K, reserved 1056768K
  class space    used 572K, capacity 616K, committed 640K, reserved 1048576K
}
Event: 23.605 GC heap before
{Heap before GC invocations=8 (full 0):
 PSYoungGen      total 39424K, used 39399K [0x00000000eab00000, 0x00000000efd00000, 0x0000000100000000)
  eden space 34304K, 100% used [0x00000000eab00000,0x00000000ecc80000,0x00000000ecc80000)
  from space 5120K, 99% used [0x00000000ecc80000,0x00000000ed179e10,0x00000000ed180000)
  to   space 7680K, 0% used [0x00000000ef580000,0x00000000ef580000,0x00000000efd00000)
 ParOldGen       total 22016K, used 9542K [0x00000000c0000000, 0x00000000c1580000, 0x00000000eab00000)
  object space 22016K, 43% used [0x00000000c0000000,0x00000000c0951b68,0x00000000c1580000)
 Metaspace       used 6086K, capacity 7088K, committed 7296K, reserved 1056768K
  class space    used 572K, capacity 616K, committed 640K, reserved 1048576K
Event: 23.937 GC heap after
Heap after GC invocations=8 (full 0):
 PSYoungGen      total 74240K, used 7655K [0x00000000eab00000, 0x00000000f0100000, 0x0000000100000000)
  eden space 66560K, 0% used [0x00000000eab00000,0x00000000eab00000,0x00000000eec00000)
  from space 7680K, 99% used [0x00000000ef580000,0x00000000efcf9e10,0x00000000efd00000)
  to   space 9728K, 0% used [0x00000000eec00000,0x00000000eec00000,0x00000000ef580000)
 ParOldGen       total 22016K, used 10613K [0x00000000c0000000, 0x00000000c1580000, 0x00000000eab00000)
  object space 22016K, 48% used [0x00000000c0000000,0x00000000c0a5d570,0x00000000c1580000)
 Metaspace       used 6086K, capacity 7088K, committed 7296K, reserved 1056768K
  class space    used 572K, capacity 616K, committed 640K, reserved 1048576K
}
Event: 33.832 GC heap before
{Heap before GC invocations=9 (full 0):
 PSYoungGen      total 74240K, used 74215K [0x00000000eab00000, 0x00000000f0100000, 0x0000000100000000)
  eden space 66560K, 100% used [0x00000000eab00000,0x00000000eec00000,0x00000000eec00000)
  from space 7680K, 99% used [0x00000000ef580000,0x00000000efcf9e10,0x00000000efd00000)
  to   space 9728K, 0% used [0x00000000eec00000,0x00000000eec00000,0x00000000ef580000)
 ParOldGen       total 22016K, used 10613K [0x00000000c0000000, 0x00000000c1580000, 0x00000000eab00000)
  object space 22016K, 48% used [0x00000000c0000000,0x00000000c0a5d570,0x00000000c1580000)
 Metaspace       used 6245K, capacity 7090K, committed 7296K, reserved 1056768K
  class space    used 593K, capacity 618K, committed 640K, reserved 1048576K
Event: 35.111 GC heap after
Heap after GC invocations=9 (full 0):
 PSYoungGen      total 76288K, used 9721K [0x00000000eab00000, 0x00000000f0100000, 0x0000000100000000)
  eden space 66560K, 0% used [0x00000000eab00000,0x00000000eab00000,0x00000000eec00000)
  from space 9728K, 99% used [0x00000000eec00000,0x00000000ef57e448,0x00000000ef580000)
  to   space 7680K, 0% used [0x00000000ef580000,0x00000000ef580000,0x00000000efd00000)
 ParOldGen       total 22016K, used 17436K [0x00000000c0000000, 0x00000000c1580000, 0x00000000eab00000)
  object space 22016K, 79% used [0x00000000c0000000,0x00000000c1107088,0x00000000c1580000)
 Metaspace       used 6245K, capacity 7090K, committed 7296K, reserved 1056768K
  class space    used 593K, capacity 618K, committed 640K, reserved 1048576K
}
Event: 35.111 GC heap before
{Heap before GC invocations=10 (full 1):
 PSYoungGen      total 76288K, used 9721K [0x00000000eab00000, 0x00000000f0100000, 0x0000000100000000)
  eden space 66560K, 0% used [0x00000000eab00000,0x00000000eab00000,0x00000000eec00000)
  from space 9728K, 99% used [0x00000000eec00000,0x00000000ef57e448,0x00000000ef580000)
  to   space 7680K, 0% used [0x00000000ef580000,0x00000000ef580000,0x00000000efd00000)
 ParOldGen       total 22016K, used 17436K [0x00000000c0000000, 0x00000000c1580000, 0x00000000eab00000)
  object space 22016K, 79% used [0x00000000c0000000,0x00000000c1107088,0x00000000c1580000)
 Metaspace       used 6245K, capacity 7090K, committed 7296K, reserved 1056768K
  class space    used 593K, capacity 618K, committed 640K, reserved 1048576K
Event: 39.697 GC heap after
Heap after GC invocations=10 (full 1):
 PSYoungGen      total 76288K, used 3560K [0x00000000eab00000, 0x00000000f0100000, 0x0000000100000000)
  eden space 66560K, 0% used [0x00000000eab00000,0x00000000eab00000,0x00000000eec00000)
  from space 9728K, 36% used [0x00000000eec00000,0x00000000eef7a328,0x00000000ef580000)
  to   space 7680K, 0% used [0x00000000ef580000,0x00000000ef580000,0x00000000efd00000)
 ParOldGen       total 22016K, used 21689K [0x00000000c0000000, 0x00000000c1580000, 0x00000000eab00000)
  object space 22016K, 98% used [0x00000000c0000000,0x00000000c152e488,0x00000000c1580000)
 Metaspace       used 6245K, capacity 7090K, committed 7296K, reserved 1056768K
  class space    used 593K, capacity 618K, committed 640K, reserved 1048576K
}

