# JRE version: OpenJDK Runtime Environment (8.0_76-b03) (build 1.8.0_76-release-b03)
# Java VM: OpenJDK 64-Bit Server VM (25.76-b03 mixed mode windows-amd64 compressed oops)
Heap:
 PSYoungGen      total 73216K, used 65827K [0x00000000eab00000, 0x00000000eff00000, 0x0000000100000000)
  eden space 66560K, 88% used [0x00000000eab00000,0x00000000ee4cda48,0x00000000eec00000)
  from space 6656K, 99% used [0x00000000ef480000,0x00000000efafb400,0x00000000efb00000)
  to   space 8704K, 0% used [0x00000000eec00000,0x00000000eec00000,0x00000000ef480000)
 ParOldGen       total 22016K, used 15310K [0x00000000c0000000, 0x00000000c1580000, 0x00000000eab00000)
  object space 22016K, 69% used [0x00000000c0000000,0x00000000c0ef3ae0,0x00000000c1580000)
 Metaspace       used 6311K, capacity 7090K, committed 7296K, reserved 1056768K
  class space    used 599K, capacity 618K, committed 640K, reserved 1048576K
GC Heap History (10 events):
Event: 20.170 GC heap before
{Heap before GC invocations=4 (full 0):
 PSYoungGen      total 9728K, used 9712K [0x00000000eab00000, 0x00000000ebe00000, 0x0000000100000000)
  eden space 8704K, 100% used [0x00000000eab00000,0x00000000eb380000,0x00000000eb380000)
  from space 1024K, 98% used [0x00000000eb380000,0x00000000eb47c028,0x00000000eb480000)
  to   space 1024K, 0% used [0x00000000ebd00000,0x00000000ebd00000,0x00000000ebe00000)
 ParOldGen       total 22016K, used 4533K [0x00000000c0000000, 0x00000000c1580000, 0x00000000eab00000)
  object space 22016K, 20% used [0x00000000c0000000,0x00000000c046d5e0,0x00000000c1580000)
 Metaspace       used 5986K, capacity 6960K, committed 7040K, reserved 1056768K
  class space    used 577K, capacity 616K, committed 640K, reserved 1048576K
Event: 21.213 GC heap after
Heap after GC invocations=4 (full 0):
 PSYoungGen      total 18432K, used 992K [0x00000000eab00000, 0x00000000ebe00000, 0x0000000100000000)
  eden space 17408K, 0% used [0x00000000eab00000,0x00000000eab00000,0x00000000ebc00000)
  from space 1024K, 96% used [0x00000000ebd00000,0x00000000ebdf8028,0x00000000ebe00000)
  to   space 1024K, 0% used [0x00000000ebc00000,0x00000000ebc00000,0x00000000ebd00000)
 ParOldGen       total 22016K, used 6011K [0x00000000c0000000, 0x00000000c1580000, 0x00000000eab00000)
  object space 22016K, 27% used [0x00000000c0000000,0x00000000c05dee08,0x00000000c1580000)
 Metaspace       used 5986K, capacity 6960K, committed 7040K, reserved 1056768K
  class space    used 577K, capacity 616K, committed 640K, reserved 1048576K
}
Event: 26.110 GC heap before
{Heap before GC invocations=5 (full 0):
 PSYoungGen      total 18432K, used 18400K [0x00000000eab00000, 0x00000000ebe00000, 0x0000000100000000)
  eden space 17408K, 100% used [0x00000000eab00000,0x00000000ebc00000,0x00000000ebc00000)
  from space 1024K, 96% used [0x00000000ebd00000,0x00000000ebdf8028,0x00000000ebe00000)
  to   space 1024K, 0% used [0x00000000ebc00000,0x00000000ebc00000,0x00000000ebd00000)
 ParOldGen       total 22016K, used 6011K [0x00000000c0000000, 0x00000000c1580000, 0x00000000eab00000)
  object space 22016K, 27% used [0x00000000c0000000,0x00000000c05dee08,0x00000000c1580000)
 Metaspace       used 6078K, capacity 7024K, committed 7296K, reserved 1056768K
  class space    used 579K, capacity 616K, committed 640K, reserved 1048576K
Event: 26.516 GC heap after
Heap after GC invocations=5 (full 0):
 PSYoungGen      total 18432K, used 1015K [0x00000000eab00000, 0x00000000ed400000, 0x0000000100000000)
  eden space 17408K, 0% used [0x00000000eab00000,0x00000000eab00000,0x00000000ebc00000)
  from space 1024K, 99% used [0x00000000ebc00000,0x00000000ebcfdf10,0x00000000ebd00000)
  to   space 3584K, 0% used [0x00000000ed080000,0x00000000ed080000,0x00000000ed400000)
 ParOldGen       total 22016K, used 8350K [0x00000000c0000000, 0x00000000c1580000, 0x00000000eab00000)
  object space 22016K, 37% used [0x00000000c0000000,0x00000000c08278b0,0x00000000c1580000)
 Metaspace       used 6078K, capacity 7024K, committed 7296K, reserved 1056768K
  class space    used 579K, capacity 616K, committed 640K, reserved 1048576K
}
Event: 29.946 GC heap before
{Heap before GC invocations=6 (full 0):
 PSYoungGen      total 18432K, used 18423K [0x00000000eab00000, 0x00000000ed400000, 0x0000000100000000)
  eden space 17408K, 100% used [0x00000000eab00000,0x00000000ebc00000,0x00000000ebc00000)
  from space 1024K, 99% used [0x00000000ebc00000,0x00000000ebcfdf10,0x00000000ebd00000)
  to   space 3584K, 0% used [0x00000000ed080000,0x00000000ed080000,0x00000000ed400000)
 ParOldGen       total 22016K, used 8350K [0x00000000c0000000, 0x00000000c1580000, 0x00000000eab00000)
  object space 22016K, 37% used [0x00000000c0000000,0x00000000c08278b0,0x00000000c1580000)
 Metaspace       used 6215K, capacity 7026K, committed 7296K, reserved 1056768K
  class space    used 597K, capacity 618K, committed 640K, reserved 1048576K
Event: 30.801 GC heap after
Heap after GC invocations=6 (full 0):
 PSYoungGen      total 37888K, used 3553K [0x00000000eab00000, 0x00000000ed500000, 0x0000000100000000)
  eden space 34304K, 0% used [0x00000000eab00000,0x00000000eab00000,0x00000000ecc80000)
  from space 3584K, 99% used [0x00000000ed080000,0x00000000ed3f8470,0x00000000ed400000)
  to   space 4096K, 0% used [0x00000000ecc80000,0x00000000ecc80000,0x00000000ed080000)
 ParOldGen       total 22016K, used 8471K [0x00000000c0000000, 0x00000000c1580000, 0x00000000eab00000)
  object space 22016K, 38% used [0x00000000c0000000,0x00000000c0845d38,0x00000000c1580000)
 Metaspace       used 6215K, capacity 7026K, committed 7296K, reserved 1056768K
  class space    used 597K, capacity 618K, committed 640K, reserved 1048576K
}
Event: 32.366 GC heap before
{Heap before GC invocations=7 (full 0):
 PSYoungGen      total 37888K, used 37857K [0x00000000eab00000, 0x00000000ed500000, 0x0000000100000000)
  eden space 34304K, 100% used [0x00000000eab00000,0x00000000ecc80000,0x00000000ecc80000)
  from space 3584K, 99% used [0x00000000ed080000,0x00000000ed3f8470,0x00000000ed400000)
  to   space 4096K, 0% used [0x00000000ecc80000,0x00000000ecc80000,0x00000000ed080000)
 ParOldGen       total 22016K, used 8471K [0x00000000c0000000, 0x00000000c1580000, 0x00000000eab00000)
  object space 22016K, 38% used [0x00000000c0000000,0x00000000c0845d38,0x00000000c1580000)
 Metaspace       used 6256K, capacity 7090K, committed 7296K, reserved 1056768K
  class space    used 599K, capacity 618K, committed 640K, reserved 1048576K
Event: 32.649 GC heap after
Heap after GC invocations=7 (full 0):
 PSYoungGen      total 38400K, used 4072K [0x00000000eab00000, 0x00000000efb00000, 0x0000000100000000)
  eden space 34304K, 0% used [0x00000000eab00000,0x00000000eab00000,0x00000000ecc80000)
  from space 4096K, 99% used [0x00000000ecc80000,0x00000000ed07a018,0x00000000ed080000)
  to   space 6656K, 0% used [0x00000000ef480000,0x00000000ef480000,0x00000000efb00000)
 ParOldGen       total 22016K, used 12939K [0x00000000c0000000, 0x00000000c1580000, 0x00000000eab00000)
  object space 22016K, 58% used [0x00000000c0000000,0x00000000c0ca2c18,0x00000000c1580000)
 Metaspace       used 6256K, capacity 7090K, committed 7296K, reserved 1056768K
  class space    used 599K, capacity 618K, committed 640K, reserved 1048576K
}
Event: 35.230 GC heap before
{Heap before GC invocations=8 (full 0):
 PSYoungGen      total 38400K, used 38376K [0x00000000eab00000, 0x00000000efb00000, 0x0000000100000000)
  eden space 34304K, 100% used [0x00000000eab00000,0x00000000ecc80000,0x00000000ecc80000)
  from space 4096K, 99% used [0x00000000ecc80000,0x00000000ed07a018,0x00000000ed080000)
  to   space 6656K, 0% used [0x00000000ef480000,0x00000000ef480000,0x00000000efb00000)
 ParOldGen       total 22016K, used 12939K [0x00000000c0000000, 0x00000000c1580000, 0x00000000eab00000)
  object space 22016K, 58% used [0x00000000c0000000,0x00000000c0ca2c18,0x00000000c1580000)
 Metaspace       used 6285K, capacity 7090K, committed 7296K, reserved 1056768K
  class space    used 599K, capacity 618K, committed 640K, reserved 1048576K
Event: 35.413 GC heap after
Heap after GC invocations=8 (full 0):
 PSYoungGen      total 73216K, used 6637K [0x00000000eab00000, 0x00000000eff00000, 0x0000000100000000)
  eden space 66560K, 0% used [0x00000000eab00000,0x00000000eab00000,0x00000000eec00000)
  from space 6656K, 99% used [0x00000000ef480000,0x00000000efafb400,0x00000000efb00000)
  to   space 8704K, 0% used [0x00000000eec00000,0x00000000eec00000,0x00000000ef480000)
 ParOldGen       total 22016K, used 15310K [0x00000000c0000000, 0x00000000c1580000, 0x00000000eab00000)
  object space 22016K, 69% used [0x00000000c0000000,0x00000000c0ef3ae0,0x00000000c1580000)
 Metaspace       used 6285K, capacity 7090K, committed 7296K, reserved 1056768K
  class space    used 599K, capacity 618K, committed 640K, reserved 1048576K
}

