# JRE version: OpenJDK Runtime Environment (8.0_76-b03) (build 1.8.0_76-release-b03)
# Java VM: OpenJDK 64-Bit Server VM (25.76-b03 mixed mode windows-amd64 compressed oops)
Heap:
 PSYoungGen      total 77312K, used 13881K [0x00000000eab00000, 0x00000000f3100000, 0x0000000100000000)
  eden space 67584K, 13% used [0x00000000eab00000,0x00000000eb416808,0x00000000eed00000)
  from space 9728K, 47% used [0x00000000eed00000,0x00000000ef177f28,0x00000000ef680000)
  to   space 14336K, 0% used [0x00000000f2300000,0x00000000f2300000,0x00000000f3100000)
 ParOldGen       total 41472K, used 24838K [0x00000000c0000000, 0x00000000c2880000, 0x00000000eab00000)
  object space 41472K, 59% used [0x00000000c0000000,0x00000000c1841bf0,0x00000000c2880000)
 Metaspace       used 6984K, capacity 7576K, committed 7936K, reserved 1056768K
  class space    used 637K, capacity 656K, committed 768K, reserved 1048576K
GC Heap History (10 events):
Event: 12.901 GC heap before
{Heap before GC invocations=6 (full 0):
 PSYoungGen      total 18432K, used 18401K [0x00000000eab00000, 0x00000000ed600000, 0x0000000100000000)
  eden space 17408K, 100% used [0x00000000eab00000,0x00000000ebc00000,0x00000000ebc00000)
  from space 1024K, 96% used [0x00000000ebc00000,0x00000000ebcf8410,0x00000000ebd00000)
  to   space 4608K, 0% used [0x00000000ed180000,0x00000000ed180000,0x00000000ed600000)
 ParOldGen       total 22016K, used 10253K [0x00000000c0000000, 0x00000000c1580000, 0x00000000eab00000)
  object space 22016K, 46% used [0x00000000c0000000,0x00000000c0a036f8,0x00000000c1580000)
 Metaspace       used 6113K, capacity 7088K, committed 7296K, reserved 1056768K
  class space    used 575K, capacity 616K, committed 640K, reserved 1048576K
Event: 13.654 GC heap after
Heap after GC invocations=6 (full 0):
 PSYoungGen      total 39424K, used 3729K [0x00000000eab00000, 0x00000000ed600000, 0x0000000100000000)
  eden space 34816K, 0% used [0x00000000eab00000,0x00000000eab00000,0x00000000ecd00000)
  from space 4608K, 80% used [0x00000000ed180000,0x00000000ed5244c0,0x00000000ed600000)
  to   space 4608K, 0% used [0x00000000ecd00000,0x00000000ecd00000,0x00000000ed180000)
 ParOldGen       total 22016K, used 10253K [0x00000000c0000000, 0x00000000c1580000, 0x00000000eab00000)
  object space 22016K, 46% used [0x00000000c0000000,0x00000000c0a036f8,0x00000000c1580000)
 Metaspace       used 6113K, capacity 7088K, committed 7296K, reserved 1056768K
  class space    used 575K, capacity 616K, committed 640K, reserved 1048576K
}
Event: 19.437 GC heap before
{Heap before GC invocations=7 (full 0):
 PSYoungGen      total 39424K, used 38545K [0x00000000eab00000, 0x00000000ed600000, 0x0000000100000000)
  eden space 34816K, 100% used [0x00000000eab00000,0x00000000ecd00000,0x00000000ecd00000)
  from space 4608K, 80% used [0x00000000ed180000,0x00000000ed5244c0,0x00000000ed600000)
  to   space 4608K, 0% used [0x00000000ecd00000,0x00000000ecd00000,0x00000000ed180000)
 ParOldGen       total 22016K, used 10253K [0x00000000c0000000, 0x00000000c1580000, 0x00000000eab00000)
  object space 22016K, 46% used [0x00000000c0000000,0x00000000c0a036f8,0x00000000c1580000)
 Metaspace       used 6158K, capacity 7088K, committed 7296K, reserved 1056768K
  class space    used 575K, capacity 616K, committed 640K, reserved 1048576K
Event: 19.615 GC heap after
Heap after GC invocations=7 (full 0):
 PSYoungGen      total 39424K, used 4593K [0x00000000eab00000, 0x00000000efe00000, 0x0000000100000000)
  eden space 34816K, 0% used [0x00000000eab00000,0x00000000eab00000,0x00000000ecd00000)
  from space 4608K, 99% used [0x00000000ecd00000,0x00000000ed17c7f0,0x00000000ed180000)
  to   space 7680K, 0% used [0x00000000ef680000,0x00000000ef680000,0x00000000efe00000)
 ParOldGen       total 22016K, used 14963K [0x00000000c0000000, 0x00000000c1580000, 0x00000000eab00000)
  object space 22016K, 67% used [0x00000000c0000000,0x00000000c0e9ce20,0x00000000c1580000)
 Metaspace       used 6158K, capacity 7088K, committed 7296K, reserved 1056768K
  class space    used 575K, capacity 616K, committed 640K, reserved 1048576K
}
Event: 23.977 GC heap before
{Heap before GC invocations=8 (full 0):
 PSYoungGen      total 39424K, used 39409K [0x00000000eab00000, 0x00000000efe00000, 0x0000000100000000)
  eden space 34816K, 100% used [0x00000000eab00000,0x00000000ecd00000,0x00000000ecd00000)
  from space 4608K, 99% used [0x00000000ecd00000,0x00000000ed17c7f0,0x00000000ed180000)
  to   space 7680K, 0% used [0x00000000ef680000,0x00000000ef680000,0x00000000efe00000)
 ParOldGen       total 22016K, used 14963K [0x00000000c0000000, 0x00000000c1580000, 0x00000000eab00000)
  object space 22016K, 67% used [0x00000000c0000000,0x00000000c0e9ce20,0x00000000c1580000)
 Metaspace       used 6333K, capacity 7090K, committed 7296K, reserved 1056768K
  class space    used 594K, capacity 618K, committed 640K, reserved 1048576K
Event: 24.293 GC heap after
Heap after GC invocations=8 (full 0):
 PSYoungGen      total 75264K, used 7665K [0x00000000eab00000, 0x00000000f0200000, 0x0000000100000000)
  eden space 67584K, 0% used [0x00000000eab00000,0x00000000eab00000,0x00000000eed00000)
  from space 7680K, 99% used [0x00000000ef680000,0x00000000efdfc408,0x00000000efe00000)
  to   space 9728K, 0% used [0x00000000eed00000,0x00000000eed00000,0x00000000ef680000)
 ParOldGen       total 22016K, used 17328K [0x00000000c0000000, 0x00000000c1580000, 0x00000000eab00000)
  object space 22016K, 78% used [0x00000000c0000000,0x00000000c10ec050,0x00000000c1580000)
 Metaspace       used 6333K, capacity 7090K, committed 7296K, reserved 1056768K
  class space    used 594K, capacity 618K, committed 640K, reserved 1048576K
}
Event: 27.970 GC heap before
{Heap before GC invocations=9 (full 0):
 PSYoungGen      total 75264K, used 75249K [0x00000000eab00000, 0x00000000f0200000, 0x0000000100000000)
  eden space 67584K, 100% used [0x00000000eab00000,0x00000000eed00000,0x00000000eed00000)
  from space 7680K, 99% used [0x00000000ef680000,0x00000000efdfc408,0x00000000efe00000)
  to   space 9728K, 0% used [0x00000000eed00000,0x00000000eed00000,0x00000000ef680000)
 ParOldGen       total 22016K, used 17328K [0x00000000c0000000, 0x00000000c1580000, 0x00000000eab00000)
  object space 22016K, 78% used [0x00000000c0000000,0x00000000c10ec050,0x00000000c1580000)
 Metaspace       used 6611K, capacity 7352K, committed 7552K, reserved 1056768K
  class space    used 614K, capacity 624K, committed 640K, reserved 1048576K
Event: 28.395 GC heap after
Heap after GC invocations=9 (full 0):
 PSYoungGen      total 77312K, used 9718K [0x00000000eab00000, 0x00000000f3100000, 0x0000000100000000)
  eden space 67584K, 0% used [0x00000000eab00000,0x00000000eab00000,0x00000000eed00000)
  from space 9728K, 99% used [0x00000000eed00000,0x00000000ef67d998,0x00000000ef680000)
  to   space 14336K, 0% used [0x00000000f2300000,0x00000000f2300000,0x00000000f3100000)
 ParOldGen       total 25088K, used 24958K [0x00000000c0000000, 0x00000000c1880000, 0x00000000eab00000)
  object space 25088K, 99% used [0x00000000c0000000,0x00000000c185fbe0,0x00000000c1880000)
 Metaspace       used 6611K, capacity 7352K, committed 7552K, reserved 1056768K
  class space    used 614K, capacity 624K, committed 640K, reserved 1048576K
}
Event: 28.395 GC heap before
{Heap before GC invocations=10 (full 1):
 PSYoungGen      total 77312K, used 9718K [0x00000000eab00000, 0x00000000f3100000, 0x0000000100000000)
  eden space 67584K, 0% used [0x00000000eab00000,0x00000000eab00000,0x00000000eed00000)
  from space 9728K, 99% used [0x00000000eed00000,0x00000000ef67d998,0x00000000ef680000)
  to   space 14336K, 0% used [0x00000000f2300000,0x00000000f2300000,0x00000000f3100000)
 ParOldGen       total 25088K, used 24958K [0x00000000c0000000, 0x00000000c1880000, 0x00000000eab00000)
  object space 25088K, 99% used [0x00000000c0000000,0x00000000c185fbe0,0x00000000c1880000)
 Metaspace       used 6611K, capacity 7352K, committed 7552K, reserved 1056768K
  class space    used 614K, capacity 624K, committed 640K, reserved 1048576K
Event: 29.436 GC heap after
Heap after GC invocations=10 (full 1):
 PSYoungGen      total 77312K, used 4575K [0x00000000eab00000, 0x00000000f3100000, 0x0000000100000000)
  eden space 67584K, 0% used [0x00000000eab00000,0x00000000eab00000,0x00000000eed00000)
  from space 9728K, 47% used [0x00000000eed00000,0x00000000ef177f28,0x00000000ef680000)
  to   space 14336K, 0% used [0x00000000f2300000,0x00000000f2300000,0x00000000f3100000)
 ParOldGen       total 41472K, used 24838K [0x00000000c0000000, 0x00000000c2880000, 0x00000000eab00000)
  object space 41472K, 59% used [0x00000000c0000000,0x00000000c1841bf0,0x00000000c2880000)
 Metaspace       used 6611K, capacity 7352K, committed 7552K, reserved 1056768K
  class space    used 614K, capacity 624K, committed 640K, reserved 1048576K
}

